Analysis & Synthesis report for MaquinaRefri
Wed Nov 23 16:59:11 2022
Quartus Prime Version 21.1.0 Build 842 10/21/2021 SJ Lite Edition


---------------------
; Table of Contents ;
---------------------
  1. Legal Notice
  2. Analysis & Synthesis Summary
  3. Analysis & Synthesis Settings
  4. Parallel Compilation
  5. Analysis & Synthesis Source Files Read
  6. Analysis & Synthesis Resource Usage Summary
  7. Analysis & Synthesis Resource Utilization by Entity
  8. General Register Statistics
  9. Multiplexer Restructuring Statistics (Restructuring Performed)
 10. Parameter Settings for User Entity Instance: debouncer:inst2
 11. Post-Synthesis Netlist Statistics for Top Partition
 12. Elapsed Time Per Partition
 13. Analysis & Synthesis Messages



----------------
; Legal Notice ;
----------------
Copyright (C) 2021  Intel Corporation. All rights reserved.
Your use of Intel Corporation's design tools, logic functions 
and other software and tools, and any partner logic 
functions, and any output files from any of the foregoing 
(including device programming or simulation files), and any 
associated documentation or information are expressly subject 
to the terms and conditions of the Intel Program License 
Subscription Agreement, the Intel Quartus Prime License Agreement,
the Intel FPGA IP License Agreement, or other applicable license
agreement, including, without limitation, that your use is for
the sole purpose of programming logic devices manufactured by
Intel and sold by Intel or its authorized distributors.  Please
refer to the applicable agreement for further details, at
https://fpgasoftware.intel.com/eula.



+-------------------------------------------------------------------------------+
; Analysis & Synthesis Summary                                                  ;
+---------------------------------+---------------------------------------------+
; Analysis & Synthesis Status     ; Successful - Wed Nov 23 16:59:11 2022       ;
; Quartus Prime Version           ; 21.1.0 Build 842 10/21/2021 SJ Lite Edition ;
; Revision Name                   ; MaquinaRefri                                ;
; Top-level Entity Name           ; MaquinaRefri                                ;
; Family                          ; Cyclone V                                   ;
; Logic utilization (in ALMs)     ; N/A                                         ;
; Total registers                 ; 29                                          ;
; Total pins                      ; 24                                          ;
; Total virtual pins              ; 0                                           ;
; Total block memory bits         ; 0                                           ;
; Total DSP Blocks                ; 0                                           ;
; Total HSSI RX PCSs              ; 0                                           ;
; Total HSSI PMA RX Deserializers ; 0                                           ;
; Total HSSI TX PCSs              ; 0                                           ;
; Total HSSI PMA TX Serializers   ; 0                                           ;
; Total PLLs                      ; 0                                           ;
; Total DLLs                      ; 0                                           ;
+---------------------------------+---------------------------------------------+


+---------------------------------------------------------------------------------------------------------------------------+
; Analysis & Synthesis Settings                                                                                             ;
+---------------------------------------------------------------------------------+--------------------+--------------------+
; Option                                                                          ; Setting            ; Default Value      ;
+---------------------------------------------------------------------------------+--------------------+--------------------+
; Device                                                                          ; 5CEBA4F23C7        ;                    ;
; Top-level entity name                                                           ; MaquinaRefri       ; MaquinaRefri       ;
; Family name                                                                     ; Cyclone V          ; Cyclone V          ;
; Use smart compilation                                                           ; Off                ; Off                ;
; Enable parallel Assembler and Timing Analyzer during compilation                ; On                 ; On                 ;
; Enable compact report table                                                     ; Off                ; Off                ;
; Restructure Multiplexers                                                        ; Auto               ; Auto               ;
; MLAB Add Timing Constraints For Mixed-Port Feed-Through Mode Setting Don't Care ; Off                ; Off                ;
; Create Debugging Nodes for IP Cores                                             ; Off                ; Off                ;
; Preserve fewer node names                                                       ; On                 ; On                 ;
; Intel FPGA IP Evaluation Mode                                                   ; Enable             ; Enable             ;
; Verilog Version                                                                 ; Verilog_2001       ; Verilog_2001       ;
; VHDL Version                                                                    ; VHDL_1993          ; VHDL_1993          ;
; State Machine Processing                                                        ; Auto               ; Auto               ;
; Safe State Machine                                                              ; Off                ; Off                ;
; Extract Verilog State Machines                                                  ; On                 ; On                 ;
; Extract VHDL State Machines                                                     ; On                 ; On                 ;
; Ignore Verilog initial constructs                                               ; Off                ; Off                ;
; Iteration limit for constant Verilog loops                                      ; 5000               ; 5000               ;
; Iteration limit for non-constant Verilog loops                                  ; 250                ; 250                ;
; Add Pass-Through Logic to Inferred RAMs                                         ; On                 ; On                 ;
; Infer RAMs from Raw Logic                                                       ; On                 ; On                 ;
; Parallel Synthesis                                                              ; On                 ; On                 ;
; DSP Block Balancing                                                             ; Auto               ; Auto               ;
; NOT Gate Push-Back                                                              ; On                 ; On                 ;
; Power-Up Don't Care                                                             ; On                 ; On                 ;
; Remove Redundant Logic Cells                                                    ; Off                ; Off                ;
; Remove Duplicate Registers                                                      ; On                 ; On                 ;
; Ignore CARRY Buffers                                                            ; Off                ; Off                ;
; Ignore CASCADE Buffers                                                          ; Off                ; Off                ;
; Ignore GLOBAL Buffers                                                           ; Off                ; Off                ;
; Ignore ROW GLOBAL Buffers                                                       ; Off                ; Off                ;
; Ignore LCELL Buffers                                                            ; Off                ; Off                ;
; Ignore SOFT Buffers                                                             ; On                 ; On                 ;
; Limit AHDL Integers to 32 Bits                                                  ; Off                ; Off                ;
; Optimization Technique                                                          ; Balanced           ; Balanced           ;
; Carry Chain Length                                                              ; 70                 ; 70                 ;
; Auto Carry Chains                                                               ; On                 ; On                 ;
; Auto Open-Drain Pins                                                            ; On                 ; On                 ;
; Perform WYSIWYG Primitive Resynthesis                                           ; Off                ; Off                ;
; Auto ROM Replacement                                                            ; On                 ; On                 ;
; Auto RAM Replacement                                                            ; On                 ; On                 ;
; Auto DSP Block Replacement                                                      ; On                 ; On                 ;
; Auto Shift Register Replacement                                                 ; Auto               ; Auto               ;
; Allow Shift Register Merging across Hierarchies                                 ; Auto               ; Auto               ;
; Auto Clock Enable Replacement                                                   ; On                 ; On                 ;
; Strict RAM Replacement                                                          ; Off                ; Off                ;
; Allow Synchronous Control Signals                                               ; On                 ; On                 ;
; Force Use of Synchronous Clear Signals                                          ; Off                ; Off                ;
; Auto Resource Sharing                                                           ; Off                ; Off                ;
; Allow Any RAM Size For Recognition                                              ; Off                ; Off                ;
; Allow Any ROM Size For Recognition                                              ; Off                ; Off                ;
; Allow Any Shift Register Size For Recognition                                   ; Off                ; Off                ;
; Use LogicLock Constraints during Resource Balancing                             ; On                 ; On                 ;
; Ignore translate_off and synthesis_off directives                               ; Off                ; Off                ;
; Timing-Driven Synthesis                                                         ; On                 ; On                 ;
; Report Parameter Settings                                                       ; On                 ; On                 ;
; Report Source Assignments                                                       ; On                 ; On                 ;
; Report Connectivity Checks                                                      ; On                 ; On                 ;
; Ignore Maximum Fan-Out Assignments                                              ; Off                ; Off                ;
; Synchronization Register Chain Length                                           ; 3                  ; 3                  ;
; Power Optimization During Synthesis                                             ; Normal compilation ; Normal compilation ;
; HDL message level                                                               ; Level2             ; Level2             ;
; Suppress Register Optimization Related Messages                                 ; Off                ; Off                ;
; Number of Removed Registers Reported in Synthesis Report                        ; 5000               ; 5000               ;
; Number of Swept Nodes Reported in Synthesis Report                              ; 5000               ; 5000               ;
; Number of Inverted Registers Reported in Synthesis Report                       ; 100                ; 100                ;
; Clock MUX Protection                                                            ; On                 ; On                 ;
; Auto Gated Clock Conversion                                                     ; Off                ; Off                ;
; Block Design Naming                                                             ; Auto               ; Auto               ;
; SDC constraint protection                                                       ; Off                ; Off                ;
; Synthesis Effort                                                                ; Auto               ; Auto               ;
; Shift Register Replacement - Allow Asynchronous Clear Signal                    ; On                 ; On                 ;
; Pre-Mapping Resynthesis Optimization                                            ; Off                ; Off                ;
; Analysis & Synthesis Message Level                                              ; Medium             ; Medium             ;
; Disable Register Merging Across Hierarchies                                     ; Auto               ; Auto               ;
; Resource Aware Inference For Block RAM                                          ; On                 ; On                 ;
; Automatic Parallel Synthesis                                                    ; On                 ; On                 ;
; Partial Reconfiguration Bitstream ID                                            ; Off                ; Off                ;
+---------------------------------------------------------------------------------+--------------------+--------------------+


+------------------------------------------+
; Parallel Compilation                     ;
+----------------------------+-------------+
; Processors                 ; Number      ;
+----------------------------+-------------+
; Number detected on machine ; 4           ;
; Maximum allowed            ; 4           ;
;                            ;             ;
; Average used               ; 1.00        ;
; Maximum used               ; 4           ;
;                            ;             ;
; Usage by Processor         ; % Time Used ;
;     Processor 1            ; 100.0%      ;
;     Processors 2-4         ;   0.0%      ;
+----------------------------+-------------+


+----------------------------------------------------------------------------------------------------------------------------------------------------------------------------------+
; Analysis & Synthesis Source Files Read                                                                                                                                           ;
+----------------------------------+-----------------+------------------------------------------+------------------------------------------------------------------------+---------+
; File Name with User-Entered Path ; Used in Netlist ; File Type                                ; File Name with Absolute Path                                           ; Library ;
+----------------------------------+-----------------+------------------------------------------+------------------------------------------------------------------------+---------+
; mealy.vhd                        ; yes             ; User VHDL File                           ; C:/Users/11815722/Desktop/MaquinaRefriFPGA/mealy.vhd                   ;         ;
; MaquinaRefri.bdf                 ; yes             ; User Block Diagram/Schematic File        ; C:/Users/11815722/Desktop/MaquinaRefriFPGA/MaquinaRefri.bdf            ;         ;
; display-7segment-binary.bdf      ; yes             ; Auto-Found Block Diagram/Schematic File  ; C:/Users/11815722/Desktop/MaquinaRefriFPGA/display-7segment-binary.bdf ;         ;
; debouncer.v                      ; yes             ; Auto-Found Verilog HDL File              ; C:/Users/11815722/Desktop/MaquinaRefriFPGA/debouncer.v                 ;         ;
+----------------------------------+-----------------+------------------------------------------+------------------------------------------------------------------------+---------+


+-----------------------------------------------------------------+
; Analysis & Synthesis Resource Usage Summary                     ;
+---------------------------------------------+-------------------+
; Resource                                    ; Usage             ;
+---------------------------------------------+-------------------+
; Estimate of Logic utilization (ALMs needed) ; 97                ;
;                                             ;                   ;
; Combinational ALUT usage for logic          ; 145               ;
;     -- 7 input functions                    ; 2                 ;
;     -- 6 input functions                    ; 46                ;
;     -- 5 input functions                    ; 16                ;
;     -- 4 input functions                    ; 28                ;
;     -- <=3 input functions                  ; 53                ;
;                                             ;                   ;
; Dedicated logic registers                   ; 29                ;
;                                             ;                   ;
; I/O pins                                    ; 24                ;
;                                             ;                   ;
; Total DSP Blocks                            ; 0                 ;
;                                             ;                   ;
; Maximum fan-out node                        ; CLOCK_PLACA~input ;
; Maximum fan-out                             ; 18                ;
; Total fan-out                               ; 730               ;
; Average fan-out                             ; 3.29              ;
+---------------------------------------------+-------------------+


+------------------------------------------------------------------------------------------------------------------------------------------------------------------------------------------------------------------------------------+
; Analysis & Synthesis Resource Utilization by Entity                                                                                                                                                                                ;
+------------------------------------+---------------------+---------------------------+-------------------+------------+------+--------------+---------------------------------------------+-------------------------+--------------+
; Compilation Hierarchy Node         ; Combinational ALUTs ; Dedicated Logic Registers ; Block Memory Bits ; DSP Blocks ; Pins ; Virtual Pins ; Full Hierarchy Name                         ; Entity Name             ; Library Name ;
+------------------------------------+---------------------+---------------------------+-------------------+------------+------+--------------+---------------------------------------------+-------------------------+--------------+
; |MaquinaRefri                      ; 145 (0)             ; 29 (0)                    ; 0                 ; 0          ; 24   ; 0            ; |MaquinaRefri                               ; MaquinaRefri            ; work         ;
;    |debouncer:inst2|               ; 22 (22)             ; 18 (18)                   ; 0                 ; 0          ; 0    ; 0            ; |MaquinaRefri|debouncer:inst2               ; debouncer               ; work         ;
;    |display-7segment-binary:inst4| ; 7 (7)               ; 0 (0)                     ; 0                 ; 0          ; 0    ; 0            ; |MaquinaRefri|display-7segment-binary:inst4 ; display-7segment-binary ; work         ;
;    |display-7segment-binary:inst5| ; 8 (8)               ; 0 (0)                     ; 0                 ; 0          ; 0    ; 0            ; |MaquinaRefri|display-7segment-binary:inst5 ; display-7segment-binary ; work         ;
;    |mealy:inst|                    ; 108 (108)           ; 11 (11)                   ; 0                 ; 0          ; 0    ; 0            ; |MaquinaRefri|mealy:inst                    ; mealy                   ; work         ;
+------------------------------------+---------------------+---------------------------+-------------------+------------+------+--------------+---------------------------------------------+-------------------------+--------------+
Note: For table entries with two numbers listed, the numbers in parentheses indicate the number of resources of the given type used by the specific entity alone. The numbers listed outside of parentheses indicate the total resources of the given type used by the specific entity and all of its sub-entities in the hierarchy.


+------------------------------------------------------+
; General Register Statistics                          ;
+----------------------------------------------+-------+
; Statistic                                    ; Value ;
+----------------------------------------------+-------+
; Total registers                              ; 29    ;
; Number of registers using Synchronous Clear  ; 16    ;
; Number of registers using Synchronous Load   ; 0     ;
; Number of registers using Asynchronous Clear ; 11    ;
; Number of registers using Asynchronous Load  ; 0     ;
; Number of registers using Clock Enable       ; 22    ;
; Number of registers using Preset             ; 0     ;
+----------------------------------------------+-------+


+--------------------------------------------------------------------------------------------------------------------------------------------------------+
; Multiplexer Restructuring Statistics (Restructuring Performed)                                                                                         ;
+--------------------+-----------+---------------+----------------------+------------------------+------------+------------------------------------------+
; Multiplexer Inputs ; Bus Width ; Baseline Area ; Area if Restructured ; Saving if Restructured ; Registered ; Example Multiplexer Output               ;
+--------------------+-----------+---------------+----------------------+------------------------+------------+------------------------------------------+
; 3:1                ; 16 bits   ; 32 LEs        ; 0 LEs                ; 32 LEs                 ; Yes        ; |MaquinaRefri|debouncer:inst2|counter[0] ;
; 9:1                ; 6 bits    ; 36 LEs        ; 30 LEs               ; 6 LEs                  ; Yes        ; |MaquinaRefri|mealy:inst|montante[6]     ;
+--------------------+-----------+---------------+----------------------+------------------------+------------+------------------------------------------+


+--------------------------------------------------------------+
; Parameter Settings for User Entity Instance: debouncer:inst2 ;
+----------------+-------+-------------------------------------+
; Parameter Name ; Value ; Type                                ;
+----------------+-------+-------------------------------------+
; DELAY_BITS     ; 16    ; Signed Integer                      ;
+----------------+-------+-------------------------------------+
Note: In order to hide this table in the UI and the text report file, please set the "Show Parameter Settings in Synthesis Report" option in "Analysis and Synthesis Settings -> More Settings" to "Off".


+-----------------------------------------------------+
; Post-Synthesis Netlist Statistics for Top Partition ;
+-----------------------+-----------------------------+
; Type                  ; Count                       ;
+-----------------------+-----------------------------+
; arriav_ff             ; 29                          ;
;     CLR               ; 5                           ;
;     ENA CLR           ; 6                           ;
;     ENA SCLR          ; 16                          ;
;     plain             ; 2                           ;
; arriav_lcell_comb     ; 159                         ;
;     arith             ; 41                          ;
;         0 data inputs ; 3                           ;
;         1 data inputs ; 38                          ;
;     extend            ; 2                           ;
;         7 data inputs ; 2                           ;
;     normal            ; 116                         ;
;         1 data inputs ; 14                          ;
;         2 data inputs ; 10                          ;
;         3 data inputs ; 2                           ;
;         4 data inputs ; 28                          ;
;         5 data inputs ; 16                          ;
;         6 data inputs ; 46                          ;
; boundary_port         ; 24                          ;
;                       ;                             ;
; Max LUT depth         ; 5.60                        ;
; Average LUT depth     ; 3.58                        ;
+-----------------------+-----------------------------+


+-------------------------------+
; Elapsed Time Per Partition    ;
+----------------+--------------+
; Partition Name ; Elapsed Time ;
+----------------+--------------+
; Top            ; 00:00:00     ;
+----------------+--------------+


+-------------------------------+
; Analysis & Synthesis Messages ;
+-------------------------------+
Info: *******************************************************************
Info: Running Quartus Prime Analysis & Synthesis
    Info: Version 21.1.0 Build 842 10/21/2021 SJ Lite Edition
    Info: Processing started: Wed Nov 23 16:59:01 2022
Info: Command: quartus_map --read_settings_files=on --write_settings_files=off MaquinaRefri -c MaquinaRefri
Warning (18236): Number of processors has not been specified which may cause overloading on shared machines.  Set the global assignment NUM_PARALLEL_PROCESSORS in your QSF to an appropriate value for best performance.
Info (20030): Parallel compilation is enabled and will use 4 of the 4 processors detected
Info (12021): Found 2 design units, including 1 entities, in source file mealy.vhd
    Info (12022): Found design unit 1: mealy-maquinaRefri File: C:/Users/11815722/Desktop/MaquinaRefriFPGA/mealy.vhd Line: 11
    Info (12023): Found entity 1: mealy File: C:/Users/11815722/Desktop/MaquinaRefriFPGA/mealy.vhd Line: 1
Info (12021): Found 1 design units, including 1 entities, in source file maquinarefri.bdf
    Info (12023): Found entity 1: MaquinaRefri
Info (12127): Elaborating entity "MaquinaRefri" for the top level hierarchy
Warning (12125): Using design file display-7segment-binary.bdf, which is not specified as a design file for the current project, but contains definitions for 1 design units and 1 entities in project
    Info (12023): Found entity 1: display-7segment-binary
Info (12128): Elaborating entity "display-7segment-binary" for hierarchy "display-7segment-binary:inst4"
Info (12128): Elaborating entity "mealy" for hierarchy "mealy:inst"
Warning (10492): VHDL Process Statement warning at mealy.vhd(24): signal "botao" is read inside the Process Statement but isn't in the Process Statement's sensitivity list File: C:/Users/11815722/Desktop/MaquinaRefriFPGA/mealy.vhd Line: 24
Warning (10492): VHDL Process Statement warning at mealy.vhd(27): signal "estadoAtual" is read inside the Process Statement but isn't in the Process Statement's sensitivity list File: C:/Users/11815722/Desktop/MaquinaRefriFPGA/mealy.vhd Line: 27
Warning (12125): Using design file debouncer.v, which is not specified as a design file for the current project, but contains definitions for 1 design units and 1 entities in project
    Info (12023): Found entity 1: debouncer File: C:/Users/11815722/Desktop/MaquinaRefriFPGA/debouncer.v Line: 28
Info (12128): Elaborating entity "debouncer" for hierarchy "debouncer:inst2"
Warning (10230): Verilog HDL assignment warning at debouncer.v(71): truncated value with size 32 to match size of target (16) File: C:/Users/11815722/Desktop/MaquinaRefriFPGA/debouncer.v Line: 71
Warning (13004): Presettable and clearable registers converted to equivalent circuits with latches. Registers power-up to an undefined state, and DEVCLRn places the registers in an undefined state.
    Warning (13310): Register "mealy:inst|saida[1]" is converted into an equivalent circuit using register "mealy:inst|saida[1]~_emulated" and latch "mealy:inst|saida[1]~1" File: C:/Users/11815722/Desktop/MaquinaRefriFPGA/mealy.vhd Line: 19
    Warning (13310): Register "mealy:inst|saida[0]" is converted into an equivalent circuit using register "mealy:inst|saida[0]~_emulated" and latch "mealy:inst|saida[0]~5" File: C:/Users/11815722/Desktop/MaquinaRefriFPGA/mealy.vhd Line: 19
Info (286030): Timing-Driven Synthesis is running
Info (16010): Generating hard_block partition "hard_block:auto_generated_inst"
    Info (16011): Adding 0 node(s), including 0 DDIO, 0 PLL, 0 transceiver and 0 LCELL
Info (21057): Implemented 171 device resources after synthesis - the final resource count might be different
    Info (21058): Implemented 8 input pins
    Info (21059): Implemented 16 output pins
    Info (21061): Implemented 147 logic cells
Info: Quartus Prime Analysis & Synthesis was successful. 0 errors, 9 warnings
    Info: Peak virtual memory: 4882 megabytes
    Info: Processing ended: Wed Nov 23 16:59:11 2022
    Info: Elapsed time: 00:00:10
    Info: Total CPU time (on all processors): 00:00:18


